  [1m[36m (2.5ms)[0m  [1mCREATE TABLE "schema_migrations" ("version" varchar NOT NULL) [0m
  [1m[35m (0.1ms)[0m  select sqlite_version(*)
  [1m[36m (0.6ms)[0m  [1mCREATE UNIQUE INDEX "unique_schema_migrations" ON "schema_migrations" ("version")[0m
  [1m[35mActiveRecord::SchemaMigration Load (0.1ms)[0m  SELECT "schema_migrations".* FROM "schema_migrations"
Migrating to DeviseCreateUsers (20160604164147)
  [1m[36m (0.1ms)[0m  [1mbegin transaction[0m
  [1m[35m (0.4ms)[0m  CREATE TABLE "users" ("id" INTEGER PRIMARY KEY AUTOINCREMENT NOT NULL, "email" varchar DEFAULT '' NOT NULL, "encrypted_password" varchar DEFAULT '' NOT NULL, "reset_password_token" varchar, "reset_password_sent_at" datetime, "remember_created_at" datetime, "sign_in_count" integer DEFAULT 0 NOT NULL, "current_sign_in_at" datetime, "last_sign_in_at" datetime, "current_sign_in_ip" varchar, "last_sign_in_ip" varchar, "created_at" datetime NOT NULL, "updated_at" datetime NOT NULL) 
  [1m[36m (0.3ms)[0m  [1mCREATE UNIQUE INDEX "index_users_on_email" ON "users" ("email")[0m
  [1m[35m (0.1ms)[0m              SELECT sql
            FROM sqlite_master
            WHERE name='index_users_on_email' AND type='index'
            UNION ALL
            SELECT sql
            FROM sqlite_temp_master
            WHERE name='index_users_on_email' AND type='index'

  [1m[36m (0.1ms)[0m  [1mCREATE UNIQUE INDEX "index_users_on_reset_password_token" ON "users" ("reset_password_token")[0m
  [1m[35mSQL (0.1ms)[0m  INSERT INTO "schema_migrations" ("version") VALUES (?)  [["version", "20160604164147"]]
  [1m[36m (0.6ms)[0m  [1mcommit transaction[0m
Migrating to CreateAddresses (20160605060041)
  [1m[35m (0.0ms)[0m  begin transaction
  [1m[36m (0.4ms)[0m  [1mCREATE TABLE "addresses" ("id" INTEGER PRIMARY KEY AUTOINCREMENT NOT NULL, "marker1" float, "marker2" float, "current_user" varchar, "address" varchar, "detail_address" varchar, "created_at" datetime NOT NULL, "updated_at" datetime NOT NULL) [0m
  [1m[35mSQL (0.1ms)[0m  INSERT INTO "schema_migrations" ("version") VALUES (?)  [["version", "20160605060041"]]
  [1m[36m (0.5ms)[0m  [1mcommit transaction[0m
Migrating to CreateAddressreviews (20160630055042)
  [1m[35m (0.0ms)[0m  begin transaction
  [1m[36m (0.4ms)[0m  [1mCREATE TABLE "addressreviews" ("id" INTEGER PRIMARY KEY AUTOINCREMENT NOT NULL, "address_id" integer, "address_name" varchar, "price" varchar, "month" varchar, "start_date" varchar, "end_date" varchar, "fee" integer, "comment1" varchar, "image_url1" varchar DEFAULT '', "image_url2" varchar DEFAULT '', "image_url3" varchar DEFAULT '', "image_url4" varchar DEFAULT '', "cool" integer, "warm" integer, "sun" integer, "blocking" integer, "wind" integer, "bug" integer, "iron" integer, "smell" integer, "pet" integer, "gas" integer, "micro" integer, "bed" integer, "desk" integer, "laundry" integer, "internet" integer, "fire" integer, "cctv" integer, "parking" integer, "comment2" varchar, "night" integer, "light" integer, "noise" integer, "sani" integer, "created_at" datetime NOT NULL, "updated_at" datetime NOT NULL) [0m
  [1m[35mSQL (0.1ms)[0m  INSERT INTO "schema_migrations" ("version") VALUES (?)  [["version", "20160630055042"]]
  [1m[36m (0.5ms)[0m  [1mcommit transaction[0m
Migrating to AddDeletedAtColumnToUsers (20160704061136)
  [1m[35m (0.1ms)[0m  begin transaction
  [1m[36m (0.7ms)[0m  [1mALTER TABLE "users" ADD "deleted_at" datetime[0m
  [1m[35mSQL (0.1ms)[0m  INSERT INTO "schema_migrations" ("version") VALUES (?)  [["version", "20160704061136"]]
  [1m[36m (0.6ms)[0m  [1mcommit transaction[0m
Migrating to CreateComments (20160705054920)
  [1m[35m (0.1ms)[0m  begin transaction
  [1m[36m (0.3ms)[0m  [1mCREATE TABLE "comments" ("id" INTEGER PRIMARY KEY AUTOINCREMENT NOT NULL, "address_id" integer, "comment" varchar, "author" varchar, "created_at" datetime NOT NULL, "updated_at" datetime NOT NULL) [0m
  [1m[35mSQL (0.1ms)[0m  INSERT INTO "schema_migrations" ("version") VALUES (?)  [["version", "20160705054920"]]
  [1m[36m (0.5ms)[0m  [1mcommit transaction[0m
  [1m[35mActiveRecord::SchemaMigration Load (0.1ms)[0m  SELECT "schema_migrations".* FROM "schema_migrations"
  [1m[36m (0.1ms)[0m  [1m            SELECT sql
            FROM sqlite_master
            WHERE name='index_users_on_reset_password_token' AND type='index'
            UNION ALL
            SELECT sql
            FROM sqlite_temp_master
            WHERE name='index_users_on_reset_password_token' AND type='index'
[0m
  [1m[35m (0.1ms)[0m              SELECT sql
            FROM sqlite_master
            WHERE name='index_users_on_email' AND type='index'
            UNION ALL
            SELECT sql
            FROM sqlite_temp_master
            WHERE name='index_users_on_email' AND type='index'

  [1m[36mActiveRecord::SchemaMigration Load (0.1ms)[0m  [1mSELECT "schema_migrations".* FROM "schema_migrations"[0m
  [1m[35m (0.1ms)[0m  begin transaction
  [1m[36mUser Exists (0.1ms)[0m  [1mSELECT  1 AS one FROM "users" WHERE "users"."email" = 'test1@email.com' LIMIT 1[0m
  [1m[35mSQL (0.3ms)[0m  INSERT INTO "users" ("email", "encrypted_password", "created_at", "updated_at") VALUES (?, ?, ?, ?)  [["email", "test1@email.com"], ["encrypted_password", "$2a$11$nakRb2wTdx1r0ftcZY8BUuULHxugJnowiakbjKYELedVOpQwnA3Im"], ["created_at", "2016-08-05 11:08:53.435886"], ["updated_at", "2016-08-05 11:08:53.435886"]]
  [1m[36m (2.2ms)[0m  [1mcommit transaction[0m
  [1m[35m (0.1ms)[0m  begin transaction
  [1m[36mUser Exists (0.1ms)[0m  [1mSELECT  1 AS one FROM "users" WHERE "users"."email" = 'test2@eamil.com' LIMIT 1[0m
  [1m[35mSQL (0.3ms)[0m  INSERT INTO "users" ("email", "encrypted_password", "created_at", "updated_at") VALUES (?, ?, ?, ?)  [["email", "test2@eamil.com"], ["encrypted_password", "$2a$11$7iTUpoyeKwPKeDLib/CVsuAWqlFVuFl33KHAwuHERBUya0eexUtuu"], ["created_at", "2016-08-05 11:08:53.578349"], ["updated_at", "2016-08-05 11:08:53.578349"]]
  [1m[36m (2.4ms)[0m  [1mcommit transaction[0m
  [1m[35m (0.1ms)[0m  begin transaction
  [1m[36mUser Exists (0.2ms)[0m  [1mSELECT  1 AS one FROM "users" WHERE "users"."email" = 'test3@eamil.com' LIMIT 1[0m
  [1m[35mSQL (0.3ms)[0m  INSERT INTO "users" ("email", "encrypted_password", "created_at", "updated_at") VALUES (?, ?, ?, ?)  [["email", "test3@eamil.com"], ["encrypted_password", "$2a$11$1AsO83MGWPNjalfs85zCQuiBMujH1r62CVR5p2hw4Y6oYs0fRDR/S"], ["created_at", "2016-08-05 11:08:53.726693"], ["updated_at", "2016-08-05 11:08:53.726693"]]
  [1m[36m (2.3ms)[0m  [1mcommit transaction[0m
  [1m[35m (0.1ms)[0m  begin transaction
  [1m[36mUser Exists (0.1ms)[0m  [1mSELECT  1 AS one FROM "users" WHERE "users"."email" = 'test4@eamil.com' LIMIT 1[0m
  [1m[35mSQL (0.2ms)[0m  INSERT INTO "users" ("email", "encrypted_password", "created_at", "updated_at") VALUES (?, ?, ?, ?)  [["email", "test4@eamil.com"], ["encrypted_password", "$2a$11$aCUnMcfY0QgkTwJ2u.8L7.qKCXBxUdcRrZmEb5j8p4UMJQLm8iZGa"], ["created_at", "2016-08-05 11:08:53.870507"], ["updated_at", "2016-08-05 11:08:53.870507"]]
  [1m[36m (2.7ms)[0m  [1mcommit transaction[0m
  [1m[35m (0.1ms)[0m  begin transaction
  [1m[36mUser Exists (0.1ms)[0m  [1mSELECT  1 AS one FROM "users" WHERE "users"."email" = 'test5@eamil.com' LIMIT 1[0m
  [1m[35mSQL (0.2ms)[0m  INSERT INTO "users" ("email", "encrypted_password", "created_at", "updated_at") VALUES (?, ?, ?, ?)  [["email", "test5@eamil.com"], ["encrypted_password", "$2a$11$s/H5oNRzFgdTJuPzvYc8L.5QaRPhSAfLcNpYyKY4SOOUQAApgi30K"], ["created_at", "2016-08-05 11:08:54.020136"], ["updated_at", "2016-08-05 11:08:54.020136"]]
  [1m[36m (2.3ms)[0m  [1mcommit transaction[0m
